<?xml version="1.0" encoding="UTF-8"?>
<!-- Generated by org.testng.reporters.JUnitXMLReporter -->
<testsuite hostname="idea-PC" ignored="2" name="Test" tests="2" failures="0" timestamp="08 Apr 2019 03:18:00 GMT" time="82.649" errors="0">
  <testcase name="TC101" time="50.712" classname="testScripts.Module1"/>
  <testcase name="TC201" time="30.758" classname="testScripts.Module2"/>
  <testcase name="@AfterSuite aftersuite" time="0.0" classname="frameworkLibrary.BaseClass">
    <ignored/>
  </testcase> <!-- @AfterSuite aftersuite -->
  <testcase name="@BeforeSuite beforesuite" time="0.0" classname="frameworkLibrary.BaseClass">
    <ignored/>
  </testcase> <!-- @BeforeSuite beforesuite -->
</testsuite> <!-- Test -->
