<?xml version="1.0" encoding="UTF-8"?>
<testsuite name="TestSuite" time="276.725" tests="10" errors="0" skipped="0" failures="1">
  <properties>
[...]
</properties>
  <testcase name="TC101" classname="testScripts.Module1" time="38.092"/>
  <testcase name="TC201" classname="testScripts.Module2" time="22.865"/>
  <testcase name="TC301" classname="testScripts.Module3" time="27.155"/>
  <testcase name="TC401" classname="testScripts.Module4" time="27.79"/>
  <testcase name="TC402" classname="testScripts.Module4" time="26.27"/>
  <testcase name="TC501" classname="testScripts.Module5" time="31.048"/>
  <testcase name="TC502" classname="testScripts.Module5" time="28.232"/>
  <testcase name="TC503" classname="testScripts.Module5" time="28.334"/>
  <testcase name="TC504" classname="testScripts.Module5" time="24.636"/>
  <testcase name="TC505" classname="testScripts.Module5" time="22.303">
    <failure message="no such element: Unable to locate element: {&quot;method&quot;:&quot;xpath&quot;,&quot;selector&quot;:&quot;//select[@name=&apos;license[code]&apos;]/option[text()=&apos;Driving License&apos;]&quot;}&#10;  (Session info: chrome=73.0.3683.103)&#10;  (Driver info: chromedriver=2.41.578737 (49da6702b16031c40d63e5618de03a32ff6c197e),platform=Windows NT 6.2.9200 x86_64) (WARNING: The server did not provide any stacktrace information)&#10;Command duration or timeout: 0 milliseconds&#10;For documentation on this error, please visit: http://seleniumhq.org/exceptions/no_such_element.html&#10;Build info: version: &apos;3.14.0&apos;, revision: &apos;aacccce0&apos;, time: &apos;2018-08-02T20:19:58.91Z&apos;&#10;System info: host: &apos;IDEA-PC&apos;, ip: &apos;172.20.10.7&apos;, os.name: &apos;Windows 8&apos;, os.arch: &apos;amd64&apos;, os.version: &apos;6.2&apos;, java.version: &apos;1.8.0_201&apos;&#10;Driver info: org.openqa.selenium.chrome.ChromeDriver&#10;Capabilities {acceptInsecureCerts: false, acceptSslCerts: false, applicationCacheEnabled: false, browserConnectionEnabled: false, browserName: chrome, chrome: {chromedriverVersion: 2.41.578737 (49da6702b16031..., userDataDir: C:\Users\VIJAYK~1\AppData\L...}, cssSelectorsEnabled: true, databaseEnabled: false, goog:chromeOptions: {debuggerAddress: localhost:50470}, handlesAlerts: true, hasTouchScreen: false, javascriptEnabled: true, locationContextEnabled: true, mobileEmulationEnabled: false, nativeEvents: true, networkConnectionEnabled: false, pageLoadStrategy: normal, platform: XP, platformName: XP, rotatable: false, setWindowRect: true, takesHeapSnapshot: true, takesScreenshot: true, unexpectedAlertBehaviour: , unhandledPromptBehavior: , version: 73.0.3683.103, webStorageEnabled: true}&#10;Session ID: ff32cfc911e9494397660409b03ae245&#10;*** Element info: {Using=xpath, value=//select[@name=&apos;license[code]&apos;]/option[text()=&apos;Driving License&apos;]}" type="org.openqa.selenium.NoSuchElementException">org.openqa.selenium.NoSuchElementException: no such element: Unable to locate element: {"method":"xpath","selector":"//select[@name='license[code]']/option[text()='Driving License']"}
  (Session info: chrome=73.0.3683.103)
  (Driver info: chromedriver=2.41.578737 (49da6702b16031c40d63e5618de03a32ff6c197e),platform=Windows NT 6.2.9200 x86_64) (WARNING: The server did not provide any stacktrace information)
Command duration or timeout: 0 milliseconds
For documentation on this error, please visit: http://seleniumhq.org/exceptions/no_such_element.html
Build info: version: '3.14.0', revision: 'aacccce0', time: '2018-08-02T20:19:58.91Z'
System info: host: 'IDEA-PC', ip: '172.20.10.7', os.name: 'Windows 8', os.arch: 'amd64', os.version: '6.2', java.version: '1.8.0_201'
Driver info: org.openqa.selenium.chrome.ChromeDriver
Capabilities {acceptInsecureCerts: false, acceptSslCerts: false, applicationCacheEnabled: false, browserConnectionEnabled: false, browserName: chrome, chrome: {chromedriverVersion: 2.41.578737 (49da6702b16031..., userDataDir: C:\Users\VIJAYK~1\AppData\L...}, cssSelectorsEnabled: true, databaseEnabled: false, goog:chromeOptions: {debuggerAddress: localhost:50470}, handlesAlerts: true, hasTouchScreen: false, javascriptEnabled: true, locationContextEnabled: true, mobileEmulationEnabled: false, nativeEvents: true, networkConnectionEnabled: false, pageLoadStrategy: normal, platform: XP, platformName: XP, rotatable: false, setWindowRect: true, takesHeapSnapshot: true, takesScreenshot: true, unexpectedAlertBehaviour: , unhandledPromptBehavior: , version: 73.0.3683.103, webStorageEnabled: true}
Session ID: ff32cfc911e9494397660409b03ae245
*** Element info: {Using=xpath, value=//select[@name='license[code]']/option[text()='Driving License']}
	at sun.reflect.NativeConstructorAccessorImpl.newInstance0(Native Method)
	at sun.reflect.NativeConstructorAccessorImpl.newInstance(NativeConstructorAccessorImpl.java:62)
	at sun.reflect.DelegatingConstructorAccessorImpl.newInstance(DelegatingConstructorAccessorImpl.java:45)
	at java.lang.reflect.Constructor.newInstance(Constructor.java:423)
	at org.openqa.selenium.remote.ErrorHandler.createThrowable(ErrorHandler.java:214)
	at org.openqa.selenium.remote.ErrorHandler.throwIfResponseFailed(ErrorHandler.java:166)
	at org.openqa.selenium.remote.http.JsonHttpResponseCodec.reconstructValue(JsonHttpResponseCodec.java:40)
	at org.openqa.selenium.remote.http.AbstractHttpResponseCodec.decode(AbstractHttpResponseCodec.java:80)
	at org.openqa.selenium.remote.http.AbstractHttpResponseCodec.decode(AbstractHttpResponseCodec.java:44)
	at org.openqa.selenium.remote.HttpCommandExecutor.execute(HttpCommandExecutor.java:158)
	at org.openqa.selenium.remote.service.DriverCommandExecutor.execute(DriverCommandExecutor.java:83)
	at org.openqa.selenium.remote.RemoteWebDriver.execute(RemoteWebDriver.java:548)
	at org.openqa.selenium.remote.RemoteWebDriver.findElement(RemoteWebDriver.java:322)
	at org.openqa.selenium.remote.RemoteWebDriver.findElementByXPath(RemoteWebDriver.java:424)
	at org.openqa.selenium.By$ByXPath.findElement(By.java:353)
	at org.openqa.selenium.remote.RemoteWebDriver.findElement(RemoteWebDriver.java:314)
	at applicationPages.Pg107_QualificationPage.SelectLicenceType(Pg107_QualificationPage.java:280)
	at applicationPages.Pg107_QualificationPage.clickLicenceType(Pg107_QualificationPage.java:284)
	at testScripts.Module5.TC505(Module5.java:137)
</failure>
    <system-out><![CDATA[	<<TestCompleted>>TC504
	<<TestStart>>TC505
		<<PASS>> Able to enter username
		<<PASS>> Able to enter password
		<<PASS>> Able to click on Sign-In BUtton
		<<PASS>> Able to click On MyInfo
		<<PASS>> Able to click on Qualification
		<<PASS>> Able to click on Language Licence
]]></system-out>
    <system-err><![CDATA[Starting ChromeDriver 2.41.578737 (49da6702b16031c40d63e5618de03a32ff6c197e) on port 38497
Only local connections are allowed.
Apr 12, 2019 7:19:12 PM org.openqa.selenium.remote.ProtocolHandshake createSession
INFO: Detected dialect: OSS
]]></system-err>
  </testcase>
</testsuite>