<?xml version="1.0" encoding="UTF-8"?>
<!-- Generated by org.testng.reporters.JUnitXMLReporter -->
<testsuite hostname="idea-PC" ignored="4" name="Default test" tests="1" failures="0" timestamp="09 Apr 2019 17:20:10 GMT" time="29.572" errors="0">
  <testcase name="TC505" time="29.531" classname="testScripts.Module5"/>
  <testcase name="TC504" time="0.0" classname="testScripts.Module5">
    <ignored/>
  </testcase> <!-- TC504 -->
  <testcase name="TC503" time="0.0" classname="testScripts.Module5">
    <ignored/>
  </testcase> <!-- TC503 -->
  <testcase name="TC502" time="0.0" classname="testScripts.Module5">
    <ignored/>
  </testcase> <!-- TC502 -->
  <testcase name="TC501" time="0.0" classname="testScripts.Module5">
    <ignored/>
  </testcase> <!-- TC501 -->
</testsuite> <!-- Default test -->
